19-Sep-2021 05:53:45.151 INFO [main] org.apache.catalina.core.ApplicationContext.log ContextListener: contextInitialized()
19-Sep-2021 05:53:45.151 INFO [main] org.apache.catalina.core.ApplicationContext.log SessionListener: contextInitialized()
19-Sep-2021 05:53:45.155 INFO [main] org.apache.catalina.core.ApplicationContext.log ContextListener: attributeAdded('StockTicker', 'async.Stockticker@5c09d180')
19-Sep-2021 05:57:26.059 INFO [Thread-4] org.apache.catalina.core.ApplicationContext.log SessionListener: contextDestroyed()
19-Sep-2021 05:57:26.060 INFO [Thread-4] org.apache.catalina.core.ApplicationContext.log ContextListener: contextDestroyed()
19-Sep-2021 05:57:29.852 INFO [main] org.apache.catalina.core.ApplicationContext.log ContextListener: contextInitialized()
19-Sep-2021 05:57:29.855 INFO [main] org.apache.catalina.core.ApplicationContext.log SessionListener: contextInitialized()
19-Sep-2021 05:57:29.858 INFO [main] org.apache.catalina.core.ApplicationContext.log ContextListener: attributeAdded('StockTicker', 'async.Stockticker@5c09d180')
19-Sep-2021 06:10:31.440 INFO [main] org.apache.catalina.core.ApplicationContext.log ContextListener: contextInitialized()
19-Sep-2021 06:10:31.442 INFO [main] org.apache.catalina.core.ApplicationContext.log SessionListener: contextInitialized()
19-Sep-2021 06:10:31.444 INFO [main] org.apache.catalina.core.ApplicationContext.log ContextListener: attributeAdded('StockTicker', 'async.Stockticker@5f574cc2')
19-Sep-2021 06:42:26.417 INFO [main] org.apache.catalina.core.ApplicationContext.log ContextListener: contextInitialized()
19-Sep-2021 06:42:26.418 INFO [main] org.apache.catalina.core.ApplicationContext.log SessionListener: contextInitialized()
19-Sep-2021 06:42:26.421 INFO [main] org.apache.catalina.core.ApplicationContext.log ContextListener: attributeAdded('StockTicker', 'async.Stockticker@2e64ae1a')
19-Sep-2021 06:45:14.676 INFO [main] org.apache.catalina.core.ApplicationContext.log ContextListener: contextInitialized()
19-Sep-2021 06:45:14.676 INFO [main] org.apache.catalina.core.ApplicationContext.log SessionListener: contextInitialized()
19-Sep-2021 06:45:14.680 INFO [main] org.apache.catalina.core.ApplicationContext.log ContextListener: attributeAdded('StockTicker', 'async.Stockticker@54e81b21')
19-Sep-2021 06:52:28.870 INFO [Thread-4] org.apache.catalina.core.ApplicationContext.log SessionListener: contextDestroyed()
19-Sep-2021 06:52:28.870 INFO [Thread-4] org.apache.catalina.core.ApplicationContext.log ContextListener: contextDestroyed()
19-Sep-2021 06:52:45.518 INFO [main] org.apache.catalina.core.ApplicationContext.log ContextListener: contextInitialized()
19-Sep-2021 06:52:45.521 INFO [main] org.apache.catalina.core.ApplicationContext.log SessionListener: contextInitialized()
19-Sep-2021 06:52:45.524 INFO [main] org.apache.catalina.core.ApplicationContext.log ContextListener: attributeAdded('StockTicker', 'async.Stockticker@315ba14a')
19-Sep-2021 07:02:08.465 INFO [Thread-4] org.apache.catalina.core.ApplicationContext.log SessionListener: contextDestroyed()
19-Sep-2021 07:02:08.466 INFO [Thread-4] org.apache.catalina.core.ApplicationContext.log ContextListener: contextDestroyed()
19-Sep-2021 07:02:24.912 INFO [main] org.apache.catalina.core.ApplicationContext.log ContextListener: contextInitialized()
19-Sep-2021 07:02:24.912 INFO [main] org.apache.catalina.core.ApplicationContext.log SessionListener: contextInitialized()
19-Sep-2021 07:02:24.914 INFO [main] org.apache.catalina.core.ApplicationContext.log ContextListener: attributeAdded('StockTicker', 'async.Stockticker@24f5e9e8')
19-Sep-2021 07:10:47.987 INFO [Thread-4] org.apache.catalina.core.ApplicationContext.log SessionListener: contextDestroyed()
19-Sep-2021 07:10:47.987 INFO [Thread-4] org.apache.catalina.core.ApplicationContext.log ContextListener: contextDestroyed()
19-Sep-2021 08:44:01.159 INFO [main] org.apache.catalina.core.ApplicationContext.log The real real path: /usr/local/tomcat/webapps/masa/WEB-INF
19-Sep-2021 08:44:02.113 INFO [main] org.apache.catalina.core.ApplicationContext.log ContextListener: contextInitialized()
19-Sep-2021 08:44:02.113 INFO [main] org.apache.catalina.core.ApplicationContext.log SessionListener: contextInitialized()
19-Sep-2021 08:44:02.120 INFO [main] org.apache.catalina.core.ApplicationContext.log ContextListener: attributeAdded('StockTicker', 'async.Stockticker@1906f982')
19-Sep-2021 08:51:32.008 INFO [Thread-4] org.apache.catalina.core.ApplicationContext.log SessionListener: contextDestroyed()
19-Sep-2021 08:51:32.013 INFO [Thread-4] org.apache.catalina.core.ApplicationContext.log ContextListener: contextDestroyed()
19-Sep-2021 08:52:12.972 INFO [main] org.apache.catalina.core.ApplicationContext.log The real real path: /usr/local/tomcat/webapps/masa/WEB-INF
19-Sep-2021 08:52:14.166 INFO [main] org.apache.catalina.core.ApplicationContext.log ContextListener: contextInitialized()
19-Sep-2021 08:52:14.166 INFO [main] org.apache.catalina.core.ApplicationContext.log SessionListener: contextInitialized()
19-Sep-2021 08:52:14.173 INFO [main] org.apache.catalina.core.ApplicationContext.log ContextListener: attributeAdded('StockTicker', 'async.Stockticker@14b96c1e')
19-Sep-2021 09:21:33.714 INFO [Thread-4] org.apache.catalina.core.ApplicationContext.log SessionListener: contextDestroyed()
19-Sep-2021 09:21:33.714 INFO [Thread-4] org.apache.catalina.core.ApplicationContext.log ContextListener: contextDestroyed()
19-Sep-2021 09:21:56.484 INFO [main] org.apache.catalina.core.ApplicationContext.log The real real path: /usr/local/tomcat/webapps/masa/WEB-INF
19-Sep-2021 09:21:57.905 INFO [main] org.apache.catalina.core.ApplicationContext.log ContextListener: contextInitialized()
19-Sep-2021 09:21:57.913 INFO [main] org.apache.catalina.core.ApplicationContext.log SessionListener: contextInitialized()
19-Sep-2021 09:21:57.928 INFO [main] org.apache.catalina.core.ApplicationContext.log ContextListener: attributeAdded('StockTicker', 'async.Stockticker@61c145cb')
19-Sep-2021 09:23:22.851 INFO [Thread-4] org.apache.catalina.core.ApplicationContext.log SessionListener: contextDestroyed()
19-Sep-2021 09:23:22.852 INFO [Thread-4] org.apache.catalina.core.ApplicationContext.log ContextListener: contextDestroyed()
19-Sep-2021 09:23:49.568 INFO [main] org.apache.catalina.core.ApplicationContext.log The real real path: /usr/local/tomcat/webapps/masa/WEB-INF
19-Sep-2021 09:23:50.786 INFO [main] org.apache.catalina.core.ApplicationContext.log ContextListener: contextInitialized()
19-Sep-2021 09:23:50.787 INFO [main] org.apache.catalina.core.ApplicationContext.log SessionListener: contextInitialized()
19-Sep-2021 09:23:50.789 INFO [main] org.apache.catalina.core.ApplicationContext.log ContextListener: attributeAdded('StockTicker', 'async.Stockticker@2e4d2232')
19-Sep-2021 09:25:00.397 INFO [main] org.apache.catalina.core.ApplicationContext.log The real real path: /usr/local/tomcat/webapps/masa/WEB-INF
19-Sep-2021 09:25:00.964 INFO [main] org.apache.catalina.core.ApplicationContext.log ContextListener: contextInitialized()
19-Sep-2021 09:25:00.965 INFO [main] org.apache.catalina.core.ApplicationContext.log SessionListener: contextInitialized()
19-Sep-2021 09:25:00.968 INFO [main] org.apache.catalina.core.ApplicationContext.log ContextListener: attributeAdded('StockTicker', 'async.Stockticker@328e50eb')
19-Sep-2021 09:31:12.026 INFO [main] org.apache.catalina.core.ApplicationContext.log The real real path: /usr/local/tomcat/webapps/masa/WEB-INF
19-Sep-2021 09:31:12.852 INFO [main] org.apache.catalina.core.ApplicationContext.log ContextListener: contextInitialized()
19-Sep-2021 09:31:12.852 INFO [main] org.apache.catalina.core.ApplicationContext.log SessionListener: contextInitialized()
19-Sep-2021 09:31:12.860 INFO [main] org.apache.catalina.core.ApplicationContext.log ContextListener: attributeAdded('StockTicker', 'async.Stockticker@746e534')
19-Sep-2021 09:39:45.305 INFO [main] org.apache.catalina.core.ApplicationContext.log The real real path: /usr/local/tomcat/webapps/masa/WEB-INF
19-Sep-2021 09:39:46.486 INFO [main] org.apache.catalina.core.ApplicationContext.log ContextListener: contextInitialized()
19-Sep-2021 09:39:46.486 INFO [main] org.apache.catalina.core.ApplicationContext.log SessionListener: contextInitialized()
19-Sep-2021 09:39:46.491 INFO [main] org.apache.catalina.core.ApplicationContext.log ContextListener: attributeAdded('StockTicker', 'async.Stockticker@5444f1c3')
19-Sep-2021 09:43:18.653 INFO [Thread-4] org.apache.catalina.core.ApplicationContext.log SessionListener: contextDestroyed()
19-Sep-2021 09:43:18.654 INFO [Thread-4] org.apache.catalina.core.ApplicationContext.log ContextListener: contextDestroyed()
19-Sep-2021 09:44:05.251 INFO [main] org.apache.catalina.core.ApplicationContext.log The real real path: /usr/local/tomcat/webapps/masa/WEB-INF
19-Sep-2021 09:44:06.244 INFO [main] org.apache.catalina.core.ApplicationContext.log ContextListener: contextInitialized()
19-Sep-2021 09:44:06.244 INFO [main] org.apache.catalina.core.ApplicationContext.log SessionListener: contextInitialized()
19-Sep-2021 09:44:06.250 INFO [main] org.apache.catalina.core.ApplicationContext.log ContextListener: attributeAdded('StockTicker', 'async.Stockticker@34647f58')
19-Sep-2021 09:48:50.965 INFO [Thread-4] org.apache.catalina.core.ApplicationContext.log SessionListener: contextDestroyed()
19-Sep-2021 09:48:50.969 INFO [Thread-4] org.apache.catalina.core.ApplicationContext.log ContextListener: contextDestroyed()
19-Sep-2021 09:50:54.454 INFO [main] org.apache.catalina.core.ApplicationContext.log The real real path: /usr/local/tomcat/webapps/masa/WEB-INF
19-Sep-2021 09:50:55.156 INFO [main] org.apache.catalina.core.ApplicationContext.log ContextListener: contextInitialized()
19-Sep-2021 09:50:55.157 INFO [main] org.apache.catalina.core.ApplicationContext.log SessionListener: contextInitialized()
19-Sep-2021 09:50:55.161 INFO [main] org.apache.catalina.core.ApplicationContext.log ContextListener: attributeAdded('StockTicker', 'async.Stockticker@18dafd3b')
19-Sep-2021 09:53:25.300 INFO [Thread-4] org.apache.catalina.core.ApplicationContext.log SessionListener: contextDestroyed()
19-Sep-2021 09:53:25.301 INFO [Thread-4] org.apache.catalina.core.ApplicationContext.log ContextListener: contextDestroyed()
19-Sep-2021 09:54:02.471 INFO [main] org.apache.catalina.core.ApplicationContext.log The real real path: /usr/local/tomcat/webapps/masa/WEB-INF
19-Sep-2021 09:54:03.253 INFO [main] org.apache.catalina.core.ApplicationContext.log ContextListener: contextInitialized()
19-Sep-2021 09:54:03.257 INFO [main] org.apache.catalina.core.ApplicationContext.log SessionListener: contextInitialized()
19-Sep-2021 09:54:03.260 INFO [main] org.apache.catalina.core.ApplicationContext.log ContextListener: attributeAdded('StockTicker', 'async.Stockticker@1cfd6f63')
19-Sep-2021 09:55:31.735 INFO [main] org.apache.catalina.core.ApplicationContext.log The real real path: /usr/local/tomcat/webapps/masa/WEB-INF
19-Sep-2021 09:55:32.199 INFO [main] org.apache.catalina.core.ApplicationContext.log ContextListener: contextInitialized()
19-Sep-2021 09:55:32.199 INFO [main] org.apache.catalina.core.ApplicationContext.log SessionListener: contextInitialized()
19-Sep-2021 09:55:32.203 INFO [main] org.apache.catalina.core.ApplicationContext.log ContextListener: attributeAdded('StockTicker', 'async.Stockticker@5444f1c3')
19-Sep-2021 09:57:15.298 INFO [main] org.apache.catalina.core.ApplicationContext.log The real real path: /usr/local/tomcat/webapps/masa/WEB-INF
19-Sep-2021 09:57:15.997 INFO [main] org.apache.catalina.core.ApplicationContext.log ContextListener: contextInitialized()
19-Sep-2021 09:57:15.997 INFO [main] org.apache.catalina.core.ApplicationContext.log SessionListener: contextInitialized()
19-Sep-2021 09:57:16.003 INFO [main] org.apache.catalina.core.ApplicationContext.log ContextListener: attributeAdded('StockTicker', 'async.Stockticker@746e534')
19-Sep-2021 10:03:02.378 INFO [main] org.apache.catalina.core.ApplicationContext.log The real real path: /usr/local/tomcat/webapps/masa/WEB-INF
19-Sep-2021 10:03:03.352 INFO [main] org.apache.catalina.core.ApplicationContext.log ContextListener: contextInitialized()
19-Sep-2021 10:03:03.353 INFO [main] org.apache.catalina.core.ApplicationContext.log SessionListener: contextInitialized()
19-Sep-2021 10:03:03.357 INFO [main] org.apache.catalina.core.ApplicationContext.log ContextListener: attributeAdded('StockTicker', 'async.Stockticker@4ae5ddc0')
19-Sep-2021 10:04:01.144 INFO [Thread-4] org.apache.catalina.core.ApplicationContext.log SessionListener: contextDestroyed()
19-Sep-2021 10:04:01.145 INFO [Thread-4] org.apache.catalina.core.ApplicationContext.log ContextListener: contextDestroyed()
19-Sep-2021 10:04:29.384 INFO [main] org.apache.catalina.core.ApplicationContext.log The real real path: /usr/local/tomcat/webapps/masa/WEB-INF
19-Sep-2021 10:04:30.178 INFO [main] org.apache.catalina.core.ApplicationContext.log ContextListener: contextInitialized()
19-Sep-2021 10:04:30.178 INFO [main] org.apache.catalina.core.ApplicationContext.log SessionListener: contextInitialized()
19-Sep-2021 10:04:30.182 INFO [main] org.apache.catalina.core.ApplicationContext.log ContextListener: attributeAdded('StockTicker', 'async.Stockticker@2553dcc0')
19-Sep-2021 10:06:09.140 INFO [main] org.apache.catalina.core.ApplicationContext.log The real real path: /usr/local/tomcat/webapps/masa/WEB-INF
19-Sep-2021 10:06:10.227 INFO [main] org.apache.catalina.core.ApplicationContext.log ContextListener: contextInitialized()
19-Sep-2021 10:06:10.228 INFO [main] org.apache.catalina.core.ApplicationContext.log SessionListener: contextInitialized()
19-Sep-2021 10:06:10.236 INFO [main] org.apache.catalina.core.ApplicationContext.log ContextListener: attributeAdded('StockTicker', 'async.Stockticker@4e614370')
19-Sep-2021 10:06:48.791 INFO [main] org.apache.catalina.core.ApplicationContext.log The real real path: /usr/local/tomcat/webapps/masa/WEB-INF
19-Sep-2021 10:06:49.511 INFO [main] org.apache.catalina.core.ApplicationContext.log ContextListener: contextInitialized()
19-Sep-2021 10:06:49.511 INFO [main] org.apache.catalina.core.ApplicationContext.log SessionListener: contextInitialized()
19-Sep-2021 10:06:49.516 INFO [main] org.apache.catalina.core.ApplicationContext.log ContextListener: attributeAdded('StockTicker', 'async.Stockticker@2c224096')
19-Sep-2021 10:07:59.467 INFO [main] org.apache.catalina.core.ApplicationContext.log The real real path: /usr/local/tomcat/webapps/masa/WEB-INF
19-Sep-2021 10:08:00.139 INFO [main] org.apache.catalina.core.ApplicationContext.log ContextListener: contextInitialized()
19-Sep-2021 10:08:00.139 INFO [main] org.apache.catalina.core.ApplicationContext.log SessionListener: contextInitialized()
19-Sep-2021 10:08:00.143 INFO [main] org.apache.catalina.core.ApplicationContext.log ContextListener: attributeAdded('StockTicker', 'async.Stockticker@2553dcc0')
19-Sep-2021 10:08:31.456 INFO [Thread-4] org.apache.catalina.core.ApplicationContext.log SessionListener: contextDestroyed()
19-Sep-2021 10:08:31.465 INFO [Thread-4] org.apache.catalina.core.ApplicationContext.log ContextListener: contextDestroyed()
19-Sep-2021 10:09:26.537 INFO [main] org.apache.catalina.core.ApplicationContext.log The real real path: /usr/local/tomcat/webapps/masa/WEB-INF
19-Sep-2021 10:09:27.557 INFO [main] org.apache.catalina.core.ApplicationContext.log ContextListener: contextInitialized()
19-Sep-2021 10:09:27.559 INFO [main] org.apache.catalina.core.ApplicationContext.log SessionListener: contextInitialized()
19-Sep-2021 10:09:27.566 INFO [main] org.apache.catalina.core.ApplicationContext.log ContextListener: attributeAdded('StockTicker', 'async.Stockticker@6e8aea7e')
19-Sep-2021 10:11:15.069 INFO [main] org.apache.catalina.core.ApplicationContext.log The real real path: /usr/local/tomcat/webapps/masa/WEB-INF
19-Sep-2021 10:11:15.815 INFO [main] org.apache.catalina.core.ApplicationContext.log ContextListener: contextInitialized()
19-Sep-2021 10:11:15.817 INFO [main] org.apache.catalina.core.ApplicationContext.log SessionListener: contextInitialized()
19-Sep-2021 10:11:15.822 INFO [main] org.apache.catalina.core.ApplicationContext.log ContextListener: attributeAdded('StockTicker', 'async.Stockticker@4bceac99')
19-Sep-2021 10:21:33.064 INFO [Thread-4] org.apache.catalina.core.ApplicationContext.log SessionListener: contextDestroyed()
19-Sep-2021 10:21:33.064 INFO [Thread-4] org.apache.catalina.core.ApplicationContext.log ContextListener: contextDestroyed()
19-Sep-2021 10:44:26.749 INFO [main] org.apache.catalina.core.ApplicationContext.log The real real path: /usr/local/tomcat/webapps/masa/WEB-INF
19-Sep-2021 10:44:27.341 INFO [main] org.apache.catalina.core.ApplicationContext.log ContextListener: contextInitialized()
19-Sep-2021 10:44:27.341 INFO [main] org.apache.catalina.core.ApplicationContext.log SessionListener: contextInitialized()
19-Sep-2021 10:44:27.344 INFO [main] org.apache.catalina.core.ApplicationContext.log ContextListener: attributeAdded('StockTicker', 'async.Stockticker@5444f1c3')
19-Sep-2021 10:56:33.213 INFO [Thread-4] org.apache.catalina.core.ApplicationContext.log SessionListener: contextDestroyed()
19-Sep-2021 10:56:33.215 INFO [Thread-4] org.apache.catalina.core.ApplicationContext.log ContextListener: contextDestroyed()
19-Sep-2021 10:57:18.788 INFO [main] org.apache.catalina.core.ApplicationContext.log The real real path: /usr/local/tomcat/webapps/masa/WEB-INF
19-Sep-2021 10:57:19.836 INFO [main] org.apache.catalina.core.ApplicationContext.log ContextListener: contextInitialized()
19-Sep-2021 10:57:19.838 INFO [main] org.apache.catalina.core.ApplicationContext.log SessionListener: contextInitialized()
19-Sep-2021 10:57:19.858 INFO [main] org.apache.catalina.core.ApplicationContext.log ContextListener: attributeAdded('StockTicker', 'async.Stockticker@c683cf5')
19-Sep-2021 10:58:06.961 INFO [Thread-4] org.apache.catalina.core.ApplicationContext.log SessionListener: contextDestroyed()
19-Sep-2021 10:58:06.962 INFO [Thread-4] org.apache.catalina.core.ApplicationContext.log ContextListener: contextDestroyed()
19-Sep-2021 10:58:48.730 INFO [main] org.apache.catalina.core.ApplicationContext.log The real real path: /usr/local/tomcat/webapps/masa/WEB-INF
19-Sep-2021 10:58:49.582 INFO [main] org.apache.catalina.core.ApplicationContext.log ContextListener: contextInitialized()
19-Sep-2021 10:58:49.582 INFO [main] org.apache.catalina.core.ApplicationContext.log SessionListener: contextInitialized()
19-Sep-2021 10:58:49.585 INFO [main] org.apache.catalina.core.ApplicationContext.log ContextListener: attributeAdded('StockTicker', 'async.Stockticker@746e534')
19-Sep-2021 10:59:56.904 INFO [main] org.apache.catalina.core.ApplicationContext.log The real real path: /usr/local/tomcat/webapps/masa/WEB-INF
19-Sep-2021 10:59:57.684 INFO [main] org.apache.catalina.core.ApplicationContext.log ContextListener: contextInitialized()
19-Sep-2021 10:59:57.687 INFO [main] org.apache.catalina.core.ApplicationContext.log SessionListener: contextInitialized()
19-Sep-2021 10:59:57.692 INFO [main] org.apache.catalina.core.ApplicationContext.log ContextListener: attributeAdded('StockTicker', 'async.Stockticker@6549ce71')
19-Sep-2021 11:02:12.581 INFO [Thread-4] org.apache.catalina.core.ApplicationContext.log SessionListener: contextDestroyed()
19-Sep-2021 11:02:12.582 INFO [Thread-4] org.apache.catalina.core.ApplicationContext.log ContextListener: contextDestroyed()
19-Sep-2021 11:02:52.126 INFO [main] org.apache.catalina.core.ApplicationContext.log The real real path: /usr/local/tomcat/webapps/masa/WEB-INF
19-Sep-2021 11:02:53.055 INFO [main] org.apache.catalina.core.ApplicationContext.log ContextListener: contextInitialized()
19-Sep-2021 11:02:53.055 INFO [main] org.apache.catalina.core.ApplicationContext.log SessionListener: contextInitialized()
19-Sep-2021 11:02:53.060 INFO [main] org.apache.catalina.core.ApplicationContext.log ContextListener: attributeAdded('StockTicker', 'async.Stockticker@6a5c2d2d')
19-Sep-2021 11:03:34.136 INFO [main] org.apache.catalina.core.ApplicationContext.log The real real path: /usr/local/tomcat/webapps/masa/WEB-INF
19-Sep-2021 11:03:34.780 INFO [main] org.apache.catalina.core.ApplicationContext.log ContextListener: contextInitialized()
19-Sep-2021 11:03:34.781 INFO [main] org.apache.catalina.core.ApplicationContext.log SessionListener: contextInitialized()
19-Sep-2021 11:03:34.783 INFO [main] org.apache.catalina.core.ApplicationContext.log ContextListener: attributeAdded('StockTicker', 'async.Stockticker@603b9d4b')
19-Sep-2021 11:05:06.798 INFO [Thread-4] org.apache.catalina.core.ApplicationContext.log SessionListener: contextDestroyed()
19-Sep-2021 11:05:06.802 INFO [Thread-4] org.apache.catalina.core.ApplicationContext.log ContextListener: contextDestroyed()
19-Sep-2021 11:06:06.131 INFO [main] org.apache.catalina.core.ApplicationContext.log The real real path: /usr/local/tomcat/webapps/masa/WEB-INF
19-Sep-2021 11:06:07.619 INFO [main] org.apache.catalina.core.ApplicationContext.log ContextListener: contextInitialized()
19-Sep-2021 11:06:07.619 INFO [main] org.apache.catalina.core.ApplicationContext.log SessionListener: contextInitialized()
19-Sep-2021 11:06:07.641 INFO [main] org.apache.catalina.core.ApplicationContext.log ContextListener: attributeAdded('StockTicker', 'async.Stockticker@1f6d7e7c')
19-Sep-2021 11:09:58.069 INFO [main] org.apache.catalina.core.ApplicationContext.log The real real path: /usr/local/tomcat/webapps/masa/WEB-INF
19-Sep-2021 11:09:59.675 INFO [main] org.apache.catalina.core.ApplicationContext.log ContextListener: contextInitialized()
19-Sep-2021 11:09:59.680 INFO [main] org.apache.catalina.core.ApplicationContext.log SessionListener: contextInitialized()
19-Sep-2021 11:09:59.700 INFO [main] org.apache.catalina.core.ApplicationContext.log ContextListener: attributeAdded('StockTicker', 'async.Stockticker@14b96c1e')
19-Sep-2021 11:11:26.330 INFO [main] org.apache.catalina.core.ApplicationContext.log The real real path: /usr/local/tomcat/webapps/masa/WEB-INF
19-Sep-2021 11:11:28.123 INFO [main] org.apache.catalina.core.ApplicationContext.log ContextListener: contextInitialized()
19-Sep-2021 11:11:28.123 INFO [main] org.apache.catalina.core.ApplicationContext.log SessionListener: contextInitialized()
19-Sep-2021 11:11:28.126 INFO [main] org.apache.catalina.core.ApplicationContext.log ContextListener: attributeAdded('StockTicker', 'async.Stockticker@3d50a3d9')
19-Sep-2021 11:11:52.196 INFO [Thread-4] org.apache.catalina.core.ApplicationContext.log SessionListener: contextDestroyed()
19-Sep-2021 11:11:52.197 INFO [Thread-4] org.apache.catalina.core.ApplicationContext.log ContextListener: contextDestroyed()
19-Sep-2021 11:12:24.290 INFO [main] org.apache.catalina.core.ApplicationContext.log The real real path: /usr/local/tomcat/webapps/masa/WEB-INF
19-Sep-2021 11:12:25.537 INFO [main] org.apache.catalina.core.ApplicationContext.log ContextListener: contextInitialized()
19-Sep-2021 11:12:25.538 INFO [main] org.apache.catalina.core.ApplicationContext.log SessionListener: contextInitialized()
19-Sep-2021 11:12:25.544 INFO [main] org.apache.catalina.core.ApplicationContext.log ContextListener: attributeAdded('StockTicker', 'async.Stockticker@2c70a1de')
19-Sep-2021 11:13:20.250 INFO [main] org.apache.catalina.core.ApplicationContext.log The real real path: /usr/local/tomcat/webapps/masa/WEB-INF
19-Sep-2021 11:13:21.820 INFO [main] org.apache.catalina.core.ApplicationContext.log ContextListener: contextInitialized()
19-Sep-2021 11:13:21.822 INFO [main] org.apache.catalina.core.ApplicationContext.log SessionListener: contextInitialized()
19-Sep-2021 11:13:21.833 INFO [main] org.apache.catalina.core.ApplicationContext.log ContextListener: attributeAdded('StockTicker', 'async.Stockticker@5444f1c3')
19-Sep-2021 11:16:35.748 INFO [Thread-4] org.apache.catalina.core.ApplicationContext.log SessionListener: contextDestroyed()
19-Sep-2021 11:16:35.750 INFO [Thread-4] org.apache.catalina.core.ApplicationContext.log ContextListener: contextDestroyed()
19-Sep-2021 11:17:13.440 INFO [main] org.apache.catalina.core.ApplicationContext.log The real real path: /usr/local/tomcat/webapps/masa/WEB-INF
19-Sep-2021 11:17:13.986 INFO [main] org.apache.catalina.core.ApplicationContext.log ContextListener: contextInitialized()
19-Sep-2021 11:17:13.986 INFO [main] org.apache.catalina.core.ApplicationContext.log SessionListener: contextInitialized()
19-Sep-2021 11:17:13.988 INFO [main] org.apache.catalina.core.ApplicationContext.log ContextListener: attributeAdded('StockTicker', 'async.Stockticker@2c224096')
19-Sep-2021 11:45:29.143 INFO [Thread-4] org.apache.catalina.core.ApplicationContext.log SessionListener: contextDestroyed()
19-Sep-2021 11:45:29.143 INFO [Thread-4] org.apache.catalina.core.ApplicationContext.log ContextListener: contextDestroyed()
19-Sep-2021 11:45:58.577 INFO [main] org.apache.catalina.core.ApplicationContext.log The real real path: /usr/local/tomcat/webapps/masa/WEB-INF
19-Sep-2021 11:46:00.375 INFO [main] org.apache.catalina.core.ApplicationContext.log ContextListener: contextInitialized()
19-Sep-2021 11:46:00.377 INFO [main] org.apache.catalina.core.ApplicationContext.log SessionListener: contextInitialized()
19-Sep-2021 11:46:00.379 INFO [main] org.apache.catalina.core.ApplicationContext.log ContextListener: attributeAdded('StockTicker', 'async.Stockticker@37665305')
19-Sep-2021 11:47:41.555 INFO [main] org.apache.catalina.core.ApplicationContext.log The real real path: /usr/local/tomcat/webapps/masa/WEB-INF
19-Sep-2021 11:47:43.159 INFO [main] org.apache.catalina.core.ApplicationContext.log ContextListener: contextInitialized()
19-Sep-2021 11:47:43.160 INFO [main] org.apache.catalina.core.ApplicationContext.log SessionListener: contextInitialized()
19-Sep-2021 11:47:43.173 INFO [main] org.apache.catalina.core.ApplicationContext.log ContextListener: attributeAdded('StockTicker', 'async.Stockticker@1cfd6f63')
19-Sep-2021 15:36:56.371 INFO [main] org.apache.catalina.core.ApplicationContext.log The real real path: /usr/local/tomcat/webapps/masa/WEB-INF
19-Sep-2021 15:37:00.590 INFO [main] org.apache.catalina.core.ApplicationContext.log ContextListener: contextInitialized()
19-Sep-2021 15:37:00.591 INFO [main] org.apache.catalina.core.ApplicationContext.log SessionListener: contextInitialized()
19-Sep-2021 15:37:00.611 INFO [main] org.apache.catalina.core.ApplicationContext.log ContextListener: attributeAdded('StockTicker', 'async.Stockticker@26b3fe8')
19-Sep-2021 15:39:00.872 INFO [Catalina-utility-2] org.apache.catalina.core.ApplicationContext.log The real real path: /usr/local/tomcat/webapps/masa/WEB-INF
19-Sep-2021 15:42:54.977 INFO [Catalina-utility-1] org.apache.catalina.core.ApplicationContext.log The real real path: /usr/local/tomcat/webapps/masa/WEB-INF
19-Sep-2021 15:44:07.624 INFO [Catalina-utility-1] org.apache.catalina.core.ApplicationContext.log The real real path: /usr/local/tomcat/webapps/masa/WEB-INF
